<?xml version="1.0" encoding="UTF-8"?>
<testsuites>
  <testsuite name="" tests="7" assertions="16" errors="0" warnings="0" failures="0" skipped="0" time="0.157742">
    <testsuite name="Unit" tests="3" assertions="7" errors="0" warnings="0" failures="0" skipped="0" time="0.081485">
      <testsuite name="Tests\Unit\Controller\ProfileDetailTest" file="/home/keshav/projects/user-directory/tests/Unit/Controller/ProfileDetailTest.php" tests="2" assertions="6" errors="0" warnings="0" failures="0" skipped="0" time="0.076592">
        <testcase name="testExample" class="Tests\Unit\Controller\ProfileDetailTest" classname="Tests.Unit.Controller.ProfileDetailTest" file="/home/keshav/projects/user-directory/tests/Unit/Controller/ProfileDetailTest.php" line="19" assertions="1" time="0.031868"/>
        <testcase name="testUpdateProfileData" class="Tests\Unit\Controller\ProfileDetailTest" classname="Tests.Unit.Controller.ProfileDetailTest" file="/home/keshav/projects/user-directory/tests/Unit/Controller/ProfileDetailTest.php" line="38" assertions="5" time="0.044724"/>
      </testsuite>
      <testsuite name="Tests\Unit\ExampleTest" file="/home/keshav/projects/user-directory/tests/Unit/ExampleTest.php" tests="1" assertions="1" errors="0" warnings="0" failures="0" skipped="0" time="0.004893">
        <testcase name="testBasicTest" class="Tests\Unit\ExampleTest" classname="Tests.Unit.ExampleTest" file="/home/keshav/projects/user-directory/tests/Unit/ExampleTest.php" line="15" assertions="1" time="0.004893"/>
      </testsuite>
    </testsuite>
    <testsuite name="Feature" tests="4" assertions="9" errors="0" warnings="0" failures="0" skipped="0" time="0.076257">
      <testsuite name="Tests\Feature\Auth\LoginTest" file="/home/keshav/projects/user-directory/tests/Feature/Auth/LoginTest.php" tests="3" assertions="8" errors="0" warnings="0" failures="0" skipped="0" time="0.072835">
        <testcase name="testExample" class="Tests\Feature\Auth\LoginTest" classname="Tests.Feature.Auth.LoginTest" file="/home/keshav/projects/user-directory/tests/Feature/Auth/LoginTest.php" line="17" assertions="1" time="0.029799"/>
        <testcase name="test_user_can_view_a_login_form" class="Tests\Feature\Auth\LoginTest" classname="Tests.Feature.Auth.LoginTest" file="/home/keshav/projects/user-directory/tests/Feature/Auth/LoginTest.php" line="42" assertions="2" time="0.018434"/>
        <testcase name="user_can_login_with_correct_credentials" class="Tests\Feature\Auth\LoginTest" classname="Tests.Feature.Auth.LoginTest" file="/home/keshav/projects/user-directory/tests/Feature/Auth/LoginTest.php" line="52" assertions="5" time="0.024602"/>
      </testsuite>
      <testsuite name="Tests\Feature\ExampleTest" file="/home/keshav/projects/user-directory/tests/Feature/ExampleTest.php" tests="1" assertions="1" errors="0" warnings="0" failures="0" skipped="0" time="0.003422">
        <testcase name="testBasicTest" class="Tests\Feature\ExampleTest" classname="Tests.Feature.ExampleTest" file="/home/keshav/projects/user-directory/tests/Feature/ExampleTest.php" line="14" assertions="1" time="0.003422"/>
      </testsuite>
    </testsuite>
  </testsuite>
</testsuites>
